# JRE version: Java(TM) SE Runtime Environment (8.0_212-b10) (build 1.8.0_212-b10)
# Java VM: Java HotSpot(TM) 64-Bit Server VM (25.212-b10 mixed mode windows-amd64 compressed oops)
Heap:
 PSYoungGen      total 140288K, used 102945K [0x00000000d6200000, 0x00000000e2a00000, 0x0000000100000000)
  eden space 128512K, 70% used [0x00000000d6200000,0x00000000dbb0f868,0x00000000ddf80000)
  from space 11776K, 99% used [0x00000000ddf80000,0x00000000deaf8ed0,0x00000000deb00000)
  to   space 13312K, 0% used [0x00000000e1d00000,0x00000000e1d00000,0x00000000e2a00000)
 ParOldGen       total 68096K, used 15690K [0x0000000082600000, 0x0000000086880000, 0x00000000d6200000)
  object space 68096K, 23% used [0x0000000082600000,0x00000000835529e0,0x0000000086880000)
 Metaspace       used 51672K, capacity 53770K, committed 54056K, reserved 1095680K
  class space    used 6497K, capacity 6847K, committed 6960K, reserved 1048576K
GC Heap History (10 events):
Event: 3.983 GC heap before
{Heap before GC invocations=7 (full 1):
 PSYoungGen      total 139264K, used 5380K [0x00000000d6200000, 0x00000000df300000, 0x0000000100000000)
  eden space 131072K, 0% used [0x00000000d6200000,0x00000000d6200000,0x00000000de200000)
  from space 8192K, 65% used [0x00000000deb00000,0x00000000df0413a0,0x00000000df300000)
  to   space 8704K, 0% used [0x00000000de200000,0x00000000de200000,0x00000000dea80000)
 ParOldGen       total 86016K, used 5094K [0x0000000082600000, 0x0000000087a00000, 0x00000000d6200000)
  object space 86016K, 5% used [0x0000000082600000,0x0000000082af98c0,0x0000000087a00000)
 Metaspace       used 20564K, capacity 21252K, committed 21296K, reserved 1067008K
  class space    used 2627K, capacity 2822K, committed 2864K, reserved 1048576K
Event: 4.004 GC heap after
Heap after GC invocations=7 (full 1):
 PSYoungGen      total 139264K, used 0K [0x00000000d6200000, 0x00000000df300000, 0x0000000100000000)
  eden space 131072K, 0% used [0x00000000d6200000,0x00000000d6200000,0x00000000de200000)
  from space 8192K, 0% used [0x00000000deb00000,0x00000000deb00000,0x00000000df300000)
  to   space 8704K, 0% used [0x00000000de200000,0x00000000de200000,0x00000000dea80000)
 ParOldGen       total 46080K, used 5682K [0x0000000082600000, 0x0000000085300000, 0x00000000d6200000)
  object space 46080K, 12% used [0x0000000082600000,0x0000000082b8c9e8,0x0000000085300000)
 Metaspace       used 20562K, capacity 21246K, committed 21296K, reserved 1067008K
  class space    used 2626K, capacity 2821K, committed 2864K, reserved 1048576K
}
Event: 5.308 GC heap before
{Heap before GC invocations=8 (full 1):
 PSYoungGen      total 139264K, used 131072K [0x00000000d6200000, 0x00000000df300000, 0x0000000100000000)
  eden space 131072K, 100% used [0x00000000d6200000,0x00000000de200000,0x00000000de200000)
  from space 8192K, 0% used [0x00000000deb00000,0x00000000deb00000,0x00000000df300000)
  to   space 8704K, 0% used [0x00000000de200000,0x00000000de200000,0x00000000dea80000)
 ParOldGen       total 46080K, used 5682K [0x0000000082600000, 0x0000000085300000, 0x00000000d6200000)
  object space 46080K, 12% used [0x0000000082600000,0x0000000082b8c9e8,0x0000000085300000)
 Metaspace       used 25886K, capacity 26952K, committed 27184K, reserved 1073152K
  class space    used 3329K, capacity 3542K, committed 3632K, reserved 1048576K
Event: 5.319 GC heap after
Heap after GC invocations=8 (full 1):
 PSYoungGen      total 139776K, used 8493K [0x00000000d6200000, 0x00000000df300000, 0x0000000100000000)
  eden space 131072K, 0% used [0x00000000d6200000,0x00000000d6200000,0x00000000de200000)
  from space 8704K, 97% used [0x00000000de200000,0x00000000dea4b6c0,0x00000000dea80000)
  to   space 8192K, 0% used [0x00000000deb00000,0x00000000deb00000,0x00000000df300000)
 ParOldGen       total 46080K, used 5690K [0x0000000082600000, 0x0000000085300000, 0x00000000d6200000)
  object space 46080K, 12% used [0x0000000082600000,0x0000000082b8e9e8,0x0000000085300000)
 Metaspace       used 25886K, capacity 26952K, committed 27184K, reserved 1073152K
  class space    used 3329K, capacity 3542K, committed 3632K, reserved 1048576K
}
Event: 7.036 GC heap before
{Heap before GC invocations=9 (full 1):
 PSYoungGen      total 139776K, used 116568K [0x00000000d6200000, 0x00000000df300000, 0x0000000100000000)
  eden space 131072K, 82% used [0x00000000d6200000,0x00000000dcb8ab08,0x00000000de200000)
  from space 8704K, 97% used [0x00000000de200000,0x00000000dea4b6c0,0x00000000dea80000)
  to   space 8192K, 0% used [0x00000000deb00000,0x00000000deb00000,0x00000000df300000)
 ParOldGen       total 46080K, used 5690K [0x0000000082600000, 0x0000000085300000, 0x00000000d6200000)
  object space 46080K, 12% used [0x0000000082600000,0x0000000082b8e9e8,0x0000000085300000)
 Metaspace       used 33937K, capacity 35480K, committed 35496K, reserved 1079296K
  class space    used 4482K, capacity 4772K, committed 4784K, reserved 1048576K
Event: 7.048 GC heap after
Heap after GC invocations=9 (full 1):
 PSYoungGen      total 136704K, used 8181K [0x00000000d6200000, 0x00000000e6380000, 0x0000000100000000)
  eden space 128512K, 0% used [0x00000000d6200000,0x00000000d6200000,0x00000000ddf80000)
  from space 8192K, 99% used [0x00000000deb00000,0x00000000df2fd5f8,0x00000000df300000)
  to   space 11776K, 0% used [0x00000000ddf80000,0x00000000ddf80000,0x00000000deb00000)
 ParOldGen       total 46080K, used 9093K [0x0000000082600000, 0x0000000085300000, 0x00000000d6200000)
  object space 46080K, 19% used [0x0000000082600000,0x0000000082ee1600,0x0000000085300000)
 Metaspace       used 33937K, capacity 35480K, committed 35496K, reserved 1079296K
  class space    used 4482K, capacity 4772K, committed 4784K, reserved 1048576K
}
Event: 7.048 GC heap before
{Heap before GC invocations=10 (full 2):
 PSYoungGen      total 136704K, used 8181K [0x00000000d6200000, 0x00000000e6380000, 0x0000000100000000)
  eden space 128512K, 0% used [0x00000000d6200000,0x00000000d6200000,0x00000000ddf80000)
  from space 8192K, 99% used [0x00000000deb00000,0x00000000df2fd5f8,0x00000000df300000)
  to   space 11776K, 0% used [0x00000000ddf80000,0x00000000ddf80000,0x00000000deb00000)
 ParOldGen       total 46080K, used 9093K [0x0000000082600000, 0x0000000085300000, 0x00000000d6200000)
  object space 46080K, 19% used [0x0000000082600000,0x0000000082ee1600,0x0000000085300000)
 Metaspace       used 33937K, capacity 35480K, committed 35496K, reserved 1079296K
  class space    used 4482K, capacity 4772K, committed 4784K, reserved 1048576K
Event: 7.103 GC heap after
Heap after GC invocations=10 (full 2):
 PSYoungGen      total 136704K, used 0K [0x00000000d6200000, 0x00000000e6380000, 0x0000000100000000)
  eden space 128512K, 0% used [0x00000000d6200000,0x00000000d6200000,0x00000000ddf80000)
  from space 8192K, 0% used [0x00000000deb00000,0x00000000deb00000,0x00000000df300000)
  to   space 11776K, 0% used [0x00000000ddf80000,0x00000000ddf80000,0x00000000deb00000)
 ParOldGen       total 68096K, used 15413K [0x0000000082600000, 0x0000000086880000, 0x00000000d6200000)
  object space 68096K, 22% used [0x0000000082600000,0x000000008350d780,0x0000000086880000)
 Metaspace       used 33937K, capacity 35480K, committed 35496K, reserved 1079296K
  class space    used 4482K, capacity 4772K, committed 4784K, reserved 1048576K
}
Event: 9.131 GC heap before
{Heap before GC invocations=11 (full 2):
 PSYoungGen      total 136704K, used 128512K [0x00000000d6200000, 0x00000000e6380000, 0x0000000100000000)
  eden space 128512K, 100% used [0x00000000d6200000,0x00000000ddf80000,0x00000000ddf80000)
  from space 8192K, 0% used [0x00000000deb00000,0x00000000deb00000,0x00000000df300000)
  to   space 11776K, 0% used [0x00000000ddf80000,0x00000000ddf80000,0x00000000deb00000)
 ParOldGen       total 68096K, used 15413K [0x0000000082600000, 0x0000000086880000, 0x00000000d6200000)
  object space 68096K, 22% used [0x0000000082600000,0x000000008350d780,0x0000000086880000)
 Metaspace       used 45785K, capacity 47570K, committed 47912K, reserved 1091584K
  class space    used 5746K, capacity 6073K, committed 6192K, reserved 1048576K
Event: 9.141 GC heap after
Heap after GC invocations=11 (full 2):
 PSYoungGen      total 140288K, used 11747K [0x00000000d6200000, 0x00000000e2a00000, 0x0000000100000000)
  eden space 128512K, 0% used [0x00000000d6200000,0x00000000d6200000,0x00000000ddf80000)
  from space 11776K, 99% used [0x00000000ddf80000,0x00000000deaf8ed0,0x00000000deb00000)
  to   space 13312K, 0% used [0x00000000e1d00000,0x00000000e1d00000,0x00000000e2a00000)
 ParOldGen       total 68096K, used 15690K [0x0000000082600000, 0x0000000086880000, 0x00000000d6200000)
  object space 68096K, 23% used [0x0000000082600000,0x00000000835529e0,0x0000000086880000)
 Metaspace       used 45785K, capacity 47570K, committed 47912K, reserved 1091584K
  class space    used 5746K, capacity 6073K, committed 6192K, reserved 1048576K
}

